🚀 Daily Research Bot gestartet...
📅 26.5.2026, 07:00:02

🔍 Sammle Daten von APIs...
✅ 20 News Artikel gefunden
✅ 10 Exa.ai Ergebnisse

📢 Generiere Broadcast...
Email sent: ce2a2439-36ff-43ae-9cb9-1f1ce9a96d2c
✅ Broadcast erstellt: /home/flycherry/github/vault-fast/Roadmap/Project Broadcasts/2026-05-26_Broadcast.md
📧 Email versendet: Ja

💾 Speichere in Obsidian...
✅ Research gespeichert: /home/flycherry/github/vault-fast/Research/Daily/2026-05-26_Research.md

✨ Daily Research abgeschlossen!
📁 Broadcast: /home/flycherry/github/vault-fast/Roadmap/Project Broadcasts/2026-05-26_Broadcast.md
📧 Email: Versendet ✓
🚀 Daily Research Bot gestartet...
📅 27.5.2026, 07:00:01

🔍 Sammle Daten von APIs...
✅ 19 News Artikel gefunden
✅ 10 Exa.ai Ergebnisse

📢 Generiere Broadcast...
Email sent: 419a05ed-dedc-4d8b-b324-bc1e0c784651
✅ Broadcast erstellt: /home/flycherry/github/vault-fast/Roadmap/Project Broadcasts/2026-05-27_Broadcast.md
📧 Email versendet: Ja

💾 Speichere in Obsidian...
✅ Research gespeichert: /home/flycherry/github/vault-fast/Research/Daily/2026-05-27_Research.md

✨ Daily Research abgeschlossen!
📁 Broadcast: /home/flycherry/github/vault-fast/Roadmap/Project Broadcasts/2026-05-27_Broadcast.md
📧 Email: Versendet ✓
🚀 Daily Research Bot gestartet...
📅 28.5.2026, 07:00:01

🔍 Sammle Daten von APIs...
✅ 18 News Artikel gefunden
✅ 10 Exa.ai Ergebnisse

📢 Generiere Broadcast...
Email sent: e9dcf4ec-ab65-43cc-9279-476fc5954378
✅ Broadcast erstellt: /home/flycherry/github/vault-fast/Roadmap/Project Broadcasts/2026-05-28_Broadcast.md
📧 Email versendet: Ja

💾 Speichere in Obsidian...
✅ Research gespeichert: /home/flycherry/github/vault-fast/Research/Daily/2026-05-28_Research.md

✨ Daily Research abgeschlossen!
📁 Broadcast: /home/flycherry/github/vault-fast/Roadmap/Project Broadcasts/2026-05-28_Broadcast.md
📧 Email: Versendet ✓
